[11.05.2025 23:42]: WARNING LEVEL: 0
Start connect server
PointNamespace: Ramen_period.Program


[11.05.2025 23:42]: WARNING LEVEL: 0
Start connect server
PointNamespace: Ramen_period.Program


[11.05.2025 23:43]: WARNING LEVEL: 0
Start connect server
PointNamespace: Ramen_period.Program


[11.05.2025 23:44]: WARNING LEVEL: 0
Start connect server
PointNamespace: Ramen_period.Program


[11.05.2025 23:46]: WARNING LEVEL: 0
Start connect server
PointNamespace: Ramen_period.Program


[11.05.2025 23:56]: WARNING LEVEL: 0
Start connect server
PointNamespace: Ramen_period.Program


[11.05.2025 23:59]: WARNING LEVEL: 0
Start connect server
PointNamespace: Ramen_period.Program


[12.05.2025 0:02]: WARNING LEVEL: 0
Start connect server
PointNamespace: Ramen_period.Program


[12.05.2025 0:02]: WARNING LEVEL: 0
WHILE END by th_handler
PointNamespace: Ramen_period.Dialogs.AuthDialogForm


[12.05.2025 0:03]: WARNING LEVEL: 0
Start connect server
PointNamespace: Ramen_period.Program


[12.05.2025 0:03]: ERROR LEVEL: 0
WHILE END by th_handler
PointNamespace: Ramen_period.Dialogs.AuthDialogForm


[12.05.2025 0:05]: WARNING LEVEL: 0
Start connect server
PointNamespace: Ramen_period.Program


[12.05.2025 0:06]: ERROR LEVEL: 0
WHILE END by th_handler
PointNamespace: Ramen_period.Dialogs.AuthDialogForm


[12.05.2025 0:06]: WARNING LEVEL: 0
Start connect server
PointNamespace: Ramen_period.Program


[12.05.2025 0:07]: WARNING LEVEL: 0
Start connect server
PointNamespace: Ramen_period.Program


[12.05.2025 0:07]: ERROR LEVEL: 0
STATE ABORT
PointNamespace: Ramen_period.MainForm


[12.05.2025 0:07]: ERROR LEVEL: 0
WHILE END by th_handler
PointNamespace: Ramen_period.Dialogs.AuthDialogForm


[12.05.2025 0:07]: WARNING LEVEL: 0
Start connect server
PointNamespace: Ramen_period.Program


[12.05.2025 0:08]: WARNING LEVEL: 0
Start connect server
PointNamespace: Ramen_period.Program


[12.05.2025 0:08]: ERROR LEVEL: 0
STATE ABORT
PointNamespace: Ramen_period.MainForm


[12.05.2025 0:08]: ERROR LEVEL: 0
WHILE END by th_handler
PointNamespace: Ramen_period.Dialogs.AuthDialogForm


[12.05.2025 0:08]: WARNING LEVEL: 0
Start connect server
PointNamespace: Ramen_period.Program


[12.05.2025 0:14]: WARNING LEVEL: 0
Start connect server
PointNamespace: Ramen_period.Program


[12.05.2025 0:14]: ERROR LEVEL: 404
ST: 4
PointNamespace: Ramen_period.MainForm


[12.05.2025 0:14]: ERROR LEVEL: 404
ST: 4
PointNamespace: Ramen_period.MainForm


[12.05.2025 0:14]: ERROR LEVEL: 404
ST: 4
PointNamespace: Ramen_period.MainForm


[12.05.2025 0:14]: ERROR LEVEL: 404
ST: 4
PointNamespace: Ramen_period.MainForm


[12.05.2025 0:14]: ERROR LEVEL: 404
ST: 4
PointNamespace: Ramen_period.MainForm


[12.05.2025 0:14]: ERROR LEVEL: 404
ST: 4
PointNamespace: Ramen_period.MainForm


[12.05.2025 0:14]: ERROR LEVEL: 404
ST: 4
PointNamespace: Ramen_period.MainForm


[12.05.2025 0:14]: ERROR LEVEL: 404
ST: 4
PointNamespace: Ramen_period.MainForm


[12.05.2025 0:14]: ERROR LEVEL: 404
ST: 4
PointNamespace: Ramen_period.MainForm


[12.05.2025 0:14]: ERROR LEVEL: 404
ST: 4
PointNamespace: Ramen_period.MainForm


[12.05.2025 0:14]: ERROR LEVEL: 404
ST: 4
PointNamespace: Ramen_period.MainForm


[12.05.2025 0:15]: ERROR LEVEL: 404
ST: 4
PointNamespace: Ramen_period.MainForm


[12.05.2025 0:15]: ERROR LEVEL: 404
ST: 4
PointNamespace: Ramen_period.MainForm


[12.05.2025 0:15]: ERROR LEVEL: 404
ST: 4
PointNamespace: Ramen_period.MainForm


[12.05.2025 0:15]: ERROR LEVEL: 404
ST: 4
PointNamespace: Ramen_period.MainForm


[12.05.2025 0:15]: ERROR LEVEL: 404
ST: 4
PointNamespace: Ramen_period.MainForm


[12.05.2025 0:15]: ERROR LEVEL: 404
ST: 4
PointNamespace: Ramen_period.MainForm


[12.05.2025 0:15]: ERROR LEVEL: 404
ST: 3
PointNamespace: Ramen_period.MainForm


[12.05.2025 0:15]: ERROR LEVEL: 404
ST: 3
PointNamespace: Ramen_period.MainForm


[12.05.2025 0:15]: ERROR LEVEL: 404
ST: 3
PointNamespace: Ramen_period.MainForm


[12.05.2025 0:15]: ERROR LEVEL: 404
ST: 3
PointNamespace: Ramen_period.MainForm


[12.05.2025 0:15]: ERROR LEVEL: 404
ST: 3
PointNamespace: Ramen_period.MainForm


[12.05.2025 0:15]: ERROR LEVEL: 404
ST: 3
PointNamespace: Ramen_period.MainForm


[12.05.2025 0:15]: WARNING LEVEL: 0
Start connect server
PointNamespace: Ramen_period.Program


[12.05.2025 0:16]: ERROR LEVEL: 404
ST: 3
PointNamespace: Ramen_period.MainForm


[12.05.2025 0:16]: ERROR LEVEL: 404
ST: 3
PointNamespace: Ramen_period.MainForm


[12.05.2025 0:16]: ERROR LEVEL: 404
ST: 3
PointNamespace: Ramen_period.MainForm


[12.05.2025 0:16]: ERROR LEVEL: 404
ST: 3
PointNamespace: Ramen_period.MainForm


[12.05.2025 0:16]: ERROR LEVEL: 404
ST: 3
PointNamespace: Ramen_period.MainForm


[12.05.2025 0:16]: ERROR LEVEL: 404
ST: 3
PointNamespace: Ramen_period.MainForm


[12.05.2025 0:16]: ERROR LEVEL: 404
ST: 3
PointNamespace: Ramen_period.MainForm


[12.05.2025 0:16]: ERROR LEVEL: 404
ST: 3
PointNamespace: Ramen_period.MainForm


[12.05.2025 0:16]: ERROR LEVEL: 404
ST: 3
PointNamespace: Ramen_period.MainForm


[12.05.2025 0:16]: ERROR LEVEL: 404
ST: 1
PointNamespace: Ramen_period.MainForm


[12.05.2025 0:16]: ERROR LEVEL: 404
ST: 1
PointNamespace: Ramen_period.MainForm


[12.05.2025 0:16]: ERROR LEVEL: 0
WHILE END by th_handler
PointNamespace: Ramen_period.Dialogs.AuthDialogForm


[12.05.2025 0:16]: ERROR LEVEL: 404
ST: 1
PointNamespace: Ramen_period.MainForm


[12.05.2025 0:16]: ERROR LEVEL: 404
ST: 1
PointNamespace: Ramen_period.MainForm


[12.05.2025 0:16]: ERROR LEVEL: 404
ST: 1
PointNamespace: Ramen_period.MainForm


[12.05.2025 0:16]: ERROR LEVEL: 404
ST: 1
PointNamespace: Ramen_period.MainForm


[12.05.2025 0:16]: ERROR LEVEL: 404
ST: 1
PointNamespace: Ramen_period.MainForm


[12.05.2025 0:16]: ERROR LEVEL: 404
ST: 1
PointNamespace: Ramen_period.MainForm


[12.05.2025 0:16]: WARNING LEVEL: 0
Start connect server
PointNamespace: Ramen_period.Program


[12.05.2025 0:16]: ERROR LEVEL: 404
ST: 1
PointNamespace: Ramen_period.MainForm


[12.05.2025 0:16]: ERROR LEVEL: 404
ST: 1
PointNamespace: Ramen_period.MainForm


[12.05.2025 0:17]: ERROR LEVEL: 404
ST: 1
PointNamespace: Ramen_period.MainForm


[12.05.2025 0:17]: ERROR LEVEL: 404
ST: 1
PointNamespace: Ramen_period.MainForm


[12.05.2025 0:17]: ERROR LEVEL: 404
ST: 4
PointNamespace: Ramen_period.MainForm


[12.05.2025 0:18]: WARNING LEVEL: 0
Start connect server
PointNamespace: Ramen_period.Program


[12.05.2025 0:18]: ERROR LEVEL: 404
ST: 5
PointNamespace: Ramen_period.MainForm


[12.05.2025 0:18]: ERROR LEVEL: 404
ST: 5
PointNamespace: Ramen_period.MainForm


[12.05.2025 0:18]: ERROR LEVEL: 404
ST: 4
PointNamespace: Ramen_period.MainForm


[12.05.2025 0:18]: WARNING LEVEL: 0
Start connect server
PointNamespace: Ramen_period.Program


[12.05.2025 0:18]: ERROR LEVEL: 404
ST: 4
PointNamespace: Ramen_period.MainForm


[12.05.2025 0:18]: ERROR LEVEL: 404
ST: 4
PointNamespace: Ramen_period.MainForm


[12.05.2025 0:18]: ERROR LEVEL: 404
ST: 4
PointNamespace: Ramen_period.MainForm


[12.05.2025 0:18]: ERROR LEVEL: 404
ST: 3
PointNamespace: Ramen_period.MainForm


[12.05.2025 0:18]: ERROR LEVEL: 404
ST: 3
PointNamespace: Ramen_period.MainForm


[12.05.2025 0:18]: ERROR LEVEL: 404
ST: 3
PointNamespace: Ramen_period.MainForm


[12.05.2025 0:18]: ERROR LEVEL: 404
ST: 4
PointNamespace: Ramen_period.MainForm


[12.05.2025 0:19]: ERROR LEVEL: 404
ST: 4
PointNamespace: Ramen_period.MainForm


[12.05.2025 0:19]: ERROR LEVEL: 404
ST: 4
PointNamespace: Ramen_period.MainForm


[12.05.2025 0:19]: ERROR LEVEL: 404
ST: 4
PointNamespace: Ramen_period.MainForm


[12.05.2025 0:19]: ERROR LEVEL: 404
ST: 4
PointNamespace: Ramen_period.MainForm


[12.05.2025 0:19]: ERROR LEVEL: 404
ST: 4
PointNamespace: Ramen_period.MainForm


[12.05.2025 0:19]: ERROR LEVEL: 404
ST: 4
PointNamespace: Ramen_period.MainForm


[12.05.2025 0:19]: ERROR LEVEL: 404
ST: 4
PointNamespace: Ramen_period.MainForm


[12.05.2025 0:19]: WARNING LEVEL: 0
Start connect server
PointNamespace: Ramen_period.Program


[12.05.2025 0:19]: ERROR LEVEL: 404
ST: 2
PointNamespace: Ramen_period.MainForm


[12.05.2025 0:19]: ERROR LEVEL: 404
ST: 2
PointNamespace: Ramen_period.MainForm


[12.05.2025 0:20]: ERROR LEVEL: 404
ST: 2
PointNamespace: Ramen_period.MainForm


[12.05.2025 0:20]: ERROR LEVEL: 404
ST: 4
PointNamespace: Ramen_period.MainForm


[12.05.2025 0:20]: ERROR LEVEL: 0
WHILE END by th_handler
PointNamespace: Ramen_period.Dialogs.AuthDialogForm


[12.05.2025 0:20]: ERROR LEVEL: 404
ST: 4
PointNamespace: Ramen_period.MainForm


[12.05.2025 0:20]: ERROR LEVEL: 404
ST: 4
PointNamespace: Ramen_period.MainForm


[12.05.2025 0:20]: ERROR LEVEL: 404
ST: 4
PointNamespace: Ramen_period.MainForm


[12.05.2025 0:20]: ERROR LEVEL: 404
ST: 4
PointNamespace: Ramen_period.MainForm


[12.05.2025 0:20]: ERROR LEVEL: 404
ST: 4
PointNamespace: Ramen_period.MainForm


[12.05.2025 0:20]: ERROR LEVEL: 404
ST: 4
PointNamespace: Ramen_period.MainForm


[12.05.2025 0:20]: WARNING LEVEL: 0
Start connect server
PointNamespace: Ramen_period.Program


[12.05.2025 0:20]: ERROR LEVEL: 404
ST: 4
PointNamespace: Ramen_period.MainForm


[12.05.2025 0:20]: ERROR LEVEL: 0
WHILE END by th_handler
PointNamespace: Ramen_period.Dialogs.AuthDialogForm


[12.05.2025 0:21]: ERROR LEVEL: 404
ST: 4
PointNamespace: Ramen_period.MainForm


[12.05.2025 0:21]: ERROR LEVEL: 404
ST: 4
PointNamespace: Ramen_period.MainForm


[12.05.2025 0:21]: ERROR LEVEL: 404
ST: 3
PointNamespace: Ramen_period.MainForm


[12.05.2025 0:21]: ERROR LEVEL: 404
ST: 3
PointNamespace: Ramen_period.MainForm


[12.05.2025 0:21]: ERROR LEVEL: 404
ST: 3
PointNamespace: Ramen_period.MainForm


[12.05.2025 0:21]: ERROR LEVEL: 404
ST: 3
PointNamespace: Ramen_period.MainForm


[12.05.2025 0:21]: ERROR LEVEL: 404
ST: 3
PointNamespace: Ramen_period.MainForm


[12.05.2025 0:21]: ERROR LEVEL: 404
ST: 4
PointNamespace: Ramen_period.MainForm


[12.05.2025 0:21]: ERROR LEVEL: 0
WHILE END by th_handler
PointNamespace: Ramen_period.Dialogs.AuthDialogForm


[12.05.2025 0:21]: ERROR LEVEL: 404
ST: 4
PointNamespace: Ramen_period.MainForm


[12.05.2025 0:21]: ERROR LEVEL: 404
ST: 5
PointNamespace: Ramen_period.MainForm


[12.05.2025 0:21]: WARNING LEVEL: 0
Start connect server
PointNamespace: Ramen_period.Program


[12.05.2025 0:21]: ERROR LEVEL: 404
ST: 3
PointNamespace: Ramen_period.MainForm


[12.05.2025 0:21]: ERROR LEVEL: 404
ST: 5
PointNamespace: Ramen_period.MainForm


[12.05.2025 0:21]: WARNING LEVEL: 0
Start connect server
PointNamespace: Ramen_period.Program


[12.05.2025 0:21]: ERROR LEVEL: 404
ST: 2
PointNamespace: Ramen_period.MainForm


[12.05.2025 0:21]: ERROR LEVEL: 404
ST: 2
PointNamespace: Ramen_period.MainForm


[12.05.2025 0:22]: ERROR LEVEL: 404
ST: 4
PointNamespace: Ramen_period.MainForm


[12.05.2025 0:22]: ERROR LEVEL: 0
WHILE END by th_handler
PointNamespace: Ramen_period.Dialogs.AuthDialogForm


[12.05.2025 0:22]: ERROR LEVEL: 404
ST: 4
PointNamespace: Ramen_period.MainForm


[12.05.2025 0:22]: ERROR LEVEL: 404
ST: 5
PointNamespace: Ramen_period.MainForm


[12.05.2025 0:29]: WARNING LEVEL: 0
Start connect server
PointNamespace: Ramen_period.Program


[12.05.2025 0:30]: WARNING LEVEL: 0
Start connect server
PointNamespace: Ramen_period.Program


[12.05.2025 0:30]: ERROR LEVEL: 404
ST: 2
PointNamespace: Ramen_period.MainForm


[12.05.2025 0:30]: ERROR LEVEL: 404
ST: 4
PointNamespace: Ramen_period.MainForm


[12.05.2025 0:30]: ERROR LEVEL: 0
WHILE END by th_handler
PointNamespace: Ramen_period.Dialogs.AuthDialogForm


[12.05.2025 0:30]: ERROR LEVEL: 404
ST: 4
PointNamespace: Ramen_period.MainForm


[12.05.2025 0:30]: ERROR LEVEL: 404
ST: 5
PointNamespace: Ramen_period.MainForm


[12.05.2025 0:31]: WARNING LEVEL: 0
Start connect server
PointNamespace: Ramen_period.Program


[12.05.2025 0:31]: ERROR LEVEL: 404
ST: 3
PointNamespace: Ramen_period.MainForm


[12.05.2025 0:31]: ERROR LEVEL: 404
ST: 4
PointNamespace: Ramen_period.MainForm


[12.05.2025 0:31]: ERROR LEVEL: 0
WHILE END by th_handler
PointNamespace: Ramen_period.Dialogs.AuthDialogForm


[12.05.2025 0:31]: ERROR LEVEL: 404
ST: 5
PointNamespace: Ramen_period.MainForm


[12.05.2025 0:31]: ERROR LEVEL: 0
WHILE END by th_handler
PointNamespace: Ramen_period.Dialogs.AuthDialogForm


[12.05.2025 0:31]: WARNING LEVEL: 0
Start connect server
PointNamespace: Ramen_period.Program


[12.05.2025 0:31]: ERROR LEVEL: 404
ST: 5
PointNamespace: Ramen_period.MainForm


[12.05.2025 0:31]: ERROR LEVEL: 0
WHILE END by th_handler
PointNamespace: Ramen_period.Dialogs.AuthDialogForm


[12.05.2025 0:32]: WARNING LEVEL: 0
Start connect server
PointNamespace: Ramen_period.Program


[12.05.2025 0:32]: ERROR LEVEL: 404
ST: 5
PointNamespace: Ramen_period.MainForm


[12.05.2025 0:32]: ERROR LEVEL: 0
WHILE END by th_handler
PointNamespace: Ramen_period.MainForm


[12.05.2025 0:33]: WARNING LEVEL: 0
Start connect server
PointNamespace: Ramen_period.Program


[12.05.2025 0:33]: ERROR LEVEL: 404
ST: 5
PointNamespace: Ramen_period.MainForm


[12.05.2025 0:33]: ERROR LEVEL: 0
WHILE END by th_handler
PointNamespace: Ramen_period.MainForm


[12.05.2025 0:33]: ERROR LEVEL: 0
WHILE END by th_handler
PointNamespace: Ramen_period.Dialogs.AuthDialogForm


[12.05.2025 0:33]: WARNING LEVEL: 0
Start connect server
PointNamespace: Ramen_period.Program


[12.05.2025 0:33]: ERROR LEVEL: 404
ST: 3
PointNamespace: Ramen_period.MainForm


[12.05.2025 0:33]: ERROR LEVEL: 404
ST: 3
PointNamespace: Ramen_period.MainForm


[12.05.2025 0:33]: ERROR LEVEL: 404
ST: 4
PointNamespace: Ramen_period.MainForm


[12.05.2025 0:33]: ERROR LEVEL: 0
WHILE END by th_handler
PointNamespace: Ramen_period.Dialogs.AuthDialogForm


[12.05.2025 0:33]: ERROR LEVEL: 404
ST: 4
PointNamespace: Ramen_period.MainForm


[12.05.2025 0:33]: ERROR LEVEL: 404
ST: 4
PointNamespace: Ramen_period.MainForm


[12.05.2025 0:33]: ERROR LEVEL: 404
ST: 5
PointNamespace: Ramen_period.MainForm


[12.05.2025 0:33]: ERROR LEVEL: 0
WHILE END by th_handler
PointNamespace: Ramen_period.MainForm


[12.05.2025 0:33]: WARNING LEVEL: 0
Start connect server
PointNamespace: Ramen_period.Program


[12.05.2025 0:33]: ERROR LEVEL: 404
ST: 5
PointNamespace: Ramen_period.MainForm


[12.05.2025 0:33]: ERROR LEVEL: 0
WHILE END by th_handler
PointNamespace: Ramen_period.MainForm


[12.05.2025 0:33]: ERROR LEVEL: 0
WHILE END by th_handler
PointNamespace: Ramen_period.Dialogs.AuthDialogForm


[12.05.2025 0:33]: WARNING LEVEL: 0
Start connect server
PointNamespace: Ramen_period.Program


[12.05.2025 0:33]: ERROR LEVEL: 404
ST: 4
PointNamespace: Ramen_period.MainForm


[12.05.2025 0:33]: ERROR LEVEL: 0
WHILE END by th_handler
PointNamespace: Ramen_period.Dialogs.AuthDialogForm


[12.05.2025 0:33]: ERROR LEVEL: 404
ST: 4
PointNamespace: Ramen_period.MainForm


[12.05.2025 0:33]: ERROR LEVEL: 404
ST: 4
PointNamespace: Ramen_period.MainForm


[12.05.2025 0:33]: ERROR LEVEL: 404
ST: 4
PointNamespace: Ramen_period.MainForm


[12.05.2025 0:33]: ERROR LEVEL: 404
ST: 4
PointNamespace: Ramen_period.MainForm


[12.05.2025 0:33]: ERROR LEVEL: 0
WHILE END by th_handler
PointNamespace: Ramen_period.MainForm


[12.05.2025 0:33]: ERROR LEVEL: 404
ST: 4
PointNamespace: Ramen_period.MainForm


[12.05.2025 0:33]: ERROR LEVEL: 404
ST: 4
PointNamespace: Ramen_period.MainForm


[12.05.2025 0:36]: WARNING LEVEL: 0
Start connect server
PointNamespace: Ramen_period.Program


[12.05.2025 0:37]: WARNING LEVEL: 0
Start connect server
PointNamespace: Ramen_period.Program


[12.05.2025 0:37]: WARNING LEVEL: 0
Start connect server
PointNamespace: Ramen_period.Program


[12.05.2025 0:37]: ERROR LEVEL: 0
WHILE END by BindL.th_handler
PointNamespace: Ramen_period.Dialogs.AuthDialogForm


[12.05.2025 0:37]: ERROR LEVEL: 0
WHILE END by BindL.th_handler
PointNamespace: Ramen_period.Dialogs.AuthDialogForm


[12.05.2025 0:42]: WARNING LEVEL: 0
Start connect server
PointNamespace: Ramen_period.Program


[12.05.2025 0:42]: WARNING LEVEL: 0
Start connect server
PointNamespace: Ramen_period.Program


[12.05.2025 0:42]: WARNING LEVEL: 0
Start connect server
PointNamespace: Ramen_period.Program


[12.05.2025 0:43]: WARNING LEVEL: 0
Start connect server
PointNamespace: Ramen_period.Program


[12.05.2025 0:44]: WARNING LEVEL: 0
Start connect server
PointNamespace: Ramen_period.Program


[12.05.2025 0:45]: WARNING LEVEL: 0
Start connect server
PointNamespace: Ramen_period.Program


[12.05.2025 0:45]: WARNING LEVEL: 0
Start connect server
PointNamespace: Ramen_period.Program


[12.05.2025 0:46]: WARNING LEVEL: 0
Start connect server
PointNamespace: Ramen_period.Program


[12.05.2025 0:46]: WARNING LEVEL: 0
Start connect server
PointNamespace: Ramen_period.Program


[12.05.2025 0:47]: WARNING LEVEL: 0
Start connect server
PointNamespace: Ramen_period.Program


[12.05.2025 0:47]: WARNING LEVEL: 0
Start connect server
PointNamespace: Ramen_period.Program


[12.05.2025 0:48]: ERROR LEVEL: 0
WHILE END by BindL.th_handler
PointNamespace: Ramen_period.Dialogs.AuthDialogForm


[12.05.2025 0:49]: WARNING LEVEL: 0
Start connect server
PointNamespace: Ramen_period.Program


[12.05.2025 0:49]: WARNING LEVEL: 0
Start connect server
PointNamespace: Ramen_period.Program


[12.05.2025 0:49]: WARNING LEVEL: 0
Start connect server
PointNamespace: Ramen_period.Program


[12.05.2025 0:50]: ERROR LEVEL: 0
WHILE END by BindL.th_handler
PointNamespace: Ramen_period.Dialogs.AuthDialogForm


[12.05.2025 0:53]: WARNING LEVEL: 0
Start connect server
PointNamespace: Ramen_period.Program


[12.05.2025 0:54]: WARNING LEVEL: 0
Start connect server
PointNamespace: Ramen_period.Program


[12.05.2025 0:55]: WARNING LEVEL: 0
Start connect server
PointNamespace: Ramen_period.Program


[12.05.2025 0:55]: WARNING LEVEL: 0
Start connect server
PointNamespace: Ramen_period.Program


[12.05.2025 0:56]: WARNING LEVEL: 0
Start connect server
PointNamespace: Ramen_period.Program


[12.05.2025 0:56]: WARNING LEVEL: 0
Start connect server
PointNamespace: Ramen_period.Program


[12.05.2025 0:57]: ERROR LEVEL: 0
WHILE END by BindL.th_handler
PointNamespace: Ramen_period.Dialogs.AuthDialogForm


[12.05.2025 0:57]: ERROR LEVEL: 0
WHILE END by BindL.th_handler
PointNamespace: Ramen_period.Dialogs.AuthDialogForm


[12.05.2025 0:57]: ERROR LEVEL: 0
WHILE END by BindL.th_handler
PointNamespace: Ramen_period.Dialogs.AuthDialogForm


